
[Sat Nov 14 2020 11:17:46 GMT+0000 (Coordinated Universal Time)] - Error: jopa :: Error: jopa
    at Object.<anonymous> (/server/app.js:68:14)
    at Module._compile (internal/modules/cjs/loader.js:1085:30)
    at Object.Module._extensions..js (internal/modules/cjs/loader.js:1114:10)
    at Module.load (internal/modules/cjs/loader.js:950:32)
    at Function.Module._load (internal/modules/cjs/loader.js:791:14)
    at Function.executeUserEntryPoint [as runMain] (internal/modules/run_main.js:72:12)
    at internal/main/run_main_module.js:17:47
[Sat Nov 14 2020 11:22:03 GMT+0000 (Coordinated Universal Time)] - Error: TestError :: Error: TestError
    at Object.<anonymous> (/server/app.js:66:13)
    at Module._compile (internal/modules/cjs/loader.js:1085:30)
    at Object.Module._extensions..js (internal/modules/cjs/loader.js:1114:10)
    at Module.load (internal/modules/cjs/loader.js:950:32)
    at Function.Module._load (internal/modules/cjs/loader.js:791:14)
    at Function.executeUserEntryPoint [as runMain] (internal/modules/run_main.js:72:12)
    at internal/main/run_main_module.js:17:47
[Sat Nov 14 2020 11:22:06 GMT+0000 (Coordinated Universal Time)] - Error: jopa :: Error: jopa
    at Object.<anonymous> (/server/app.js:68:14)
    at Module._compile (internal/modules/cjs/loader.js:1085:30)
    at Object.Module._extensions..js (internal/modules/cjs/loader.js:1114:10)
    at Module.load (internal/modules/cjs/loader.js:950:32)
    at Function.Module._load (internal/modules/cjs/loader.js:791:14)
    at Function.executeUserEntryPoint [as runMain] (internal/modules/run_main.js:72:12)
    at internal/main/run_main_module.js:17:47
[Sat Nov 14 2020 12:01:42 GMT+0000 (Coordinated Universal Time)] - Error: TestError :: Error: TestError
    at Object.<anonymous> (/server/app.js:66:13)
    at Module._compile (internal/modules/cjs/loader.js:1085:30)
    at Object.Module._extensions..js (internal/modules/cjs/loader.js:1114:10)
    at Module.load (internal/modules/cjs/loader.js:950:32)
    at Function.Module._load (internal/modules/cjs/loader.js:791:14)
    at Function.executeUserEntryPoint [as runMain] (internal/modules/run_main.js:72:12)
    at internal/main/run_main_module.js:17:47
[Sat Nov 14 2020 12:01:45 GMT+0000 (Coordinated Universal Time)] - Error: jopa :: Error: jopa
    at Object.<anonymous> (/server/app.js:68:14)
    at Module._compile (internal/modules/cjs/loader.js:1085:30)
    at Object.Module._extensions..js (internal/modules/cjs/loader.js:1114:10)
    at Module.load (internal/modules/cjs/loader.js:950:32)
    at Function.Module._load (internal/modules/cjs/loader.js:791:14)
    at Function.executeUserEntryPoint [as runMain] (internal/modules/run_main.js:72:12)
    at internal/main/run_main_module.js:17:47
[Sat Nov 14 2020 12:02:06 GMT+0000 (Coordinated Universal Time)] - Error: TestError :: Error: TestError
    at Object.<anonymous> (/server/app.js:66:13)
    at Module._compile (internal/modules/cjs/loader.js:1085:30)
    at Object.Module._extensions..js (internal/modules/cjs/loader.js:1114:10)
    at Module.load (internal/modules/cjs/loader.js:950:32)
    at Function.Module._load (internal/modules/cjs/loader.js:791:14)
    at Function.executeUserEntryPoint [as runMain] (internal/modules/run_main.js:72:12)
    at internal/main/run_main_module.js:17:47
[Sat Nov 14 2020 12:02:09 GMT+0000 (Coordinated Universal Time)] - Error: jopa :: Error: jopa
    at Object.<anonymous> (/server/app.js:68:14)
    at Module._compile (internal/modules/cjs/loader.js:1085:30)
    at Object.Module._extensions..js (internal/modules/cjs/loader.js:1114:10)
    at Module.load (internal/modules/cjs/loader.js:950:32)
    at Function.Module._load (internal/modules/cjs/loader.js:791:14)
    at Function.executeUserEntryPoint [as runMain] (internal/modules/run_main.js:72:12)
    at internal/main/run_main_module.js:17:47
[Sat Nov 14 2020 15:06:27 GMT+0300 (Moscow Standard Time)] - CridentialsError:  :: CridentialsError
    at signinUser (/Users/vladvavilikhin/Dev/projects/jwt-auth-server/server/source/controllers/auth.js:44:17)
    at processTicksAndRejections (internal/process/task_queues.js:93:5)
    at runNextTicks (internal/process/task_queues.js:62:3)
    at processImmediate (internal/timers.js:434:9)
[Sat Nov 14 2020 15:06:27 GMT+0300 (Moscow Standard Time)] - NoEnt:  :: NoEnt
    at loginUser (/Users/vladvavilikhin/Dev/projects/jwt-auth-server/server/source/controllers/auth.js:75:17)
    at processTicksAndRejections (internal/process/task_queues.js:93:5)
    at runNextTicks (internal/process/task_queues.js:62:3)
    at processImmediate (internal/timers.js:434:9)
[Sat Nov 14 2020 15:06:27 GMT+0300 (Moscow Standard Time)] - NoEnt:  :: NoEnt
    at loginUser (/Users/vladvavilikhin/Dev/projects/jwt-auth-server/server/source/controllers/auth.js:75:17)
    at processTicksAndRejections (internal/process/task_queues.js:93:5)
    at runNextTicks (internal/process/task_queues.js:62:3)
    at processImmediate (internal/timers.js:434:9)
[Sat Nov 14 2020 15:06:27 GMT+0300 (Moscow Standard Time)] - NoEnt:  :: NoEnt
    at refresh (/Users/vladvavilikhin/Dev/projects/jwt-auth-server/server/source/controllers/auth.js:89:17)
    at processTicksAndRejections (internal/process/task_queues.js:93:5)
    at runNextTicks (internal/process/task_queues.js:62:3)
    at processImmediate (internal/timers.js:434:9)
[Sat Nov 14 2020 15:06:27 GMT+0300 (Moscow Standard Time)] - NoEnt:  :: NoEnt
    at refresh (/Users/vladvavilikhin/Dev/projects/jwt-auth-server/server/source/controllers/auth.js:89:17)
    at processTicksAndRejections (internal/process/task_queues.js:93:5)
    at runNextTicks (internal/process/task_queues.js:62:3)
    at processImmediate (internal/timers.js:434:9)
[Sat Nov 14 2020 15:06:28 GMT+0300 (Moscow Standard Time)] - NoEnt:  :: NoEnt
    at refresh (/Users/vladvavilikhin/Dev/projects/jwt-auth-server/server/source/controllers/auth.js:89:17)
    at processTicksAndRejections (internal/process/task_queues.js:93:5)
    at runNextTicks (internal/process/task_queues.js:62:3)
    at processImmediate (internal/timers.js:434:9)
[Sat Nov 14 2020 15:06:29 GMT+0300 (Moscow Standard Time)] - PermissionDenied:  :: PermissionDenied
    at /Users/vladvavilikhin/Dev/projects/jwt-auth-server/server/source/middleware/permissions.js:18:19
    at Array.forEach (<anonymous>)
    at /Users/vladvavilikhin/Dev/projects/jwt-auth-server/server/source/middleware/permissions.js:15:19
    at processTicksAndRejections (internal/process/task_queues.js:93:5)
    at runNextTicks (internal/process/task_queues.js:62:3)
    at processImmediate (internal/timers.js:434:9)
[Sat Nov 14 2020 15:06:29 GMT+0300 (Moscow Standard Time)] - UnauthorizedError: invalid token :: UnauthorizedError: invalid token
    at /Users/vladvavilikhin/Dev/projects/jwt-auth-server/server/node_modules/express-jwt/lib/index.js:105:22
    at Object.module.exports [as verify] (/Users/vladvavilikhin/Dev/projects/jwt-auth-server/server/node_modules/jsonwebtoken/verify.js:75:12)
    at verifyToken (/Users/vladvavilikhin/Dev/projects/jwt-auth-server/server/node_modules/express-jwt/lib/index.js:103:13)
    at fn (/Users/vladvavilikhin/Dev/projects/jwt-auth-server/server/node_modules/async/lib/async.js:746:34)
    at /Users/vladvavilikhin/Dev/projects/jwt-auth-server/server/node_modules/async/lib/async.js:1213:16
    at /Users/vladvavilikhin/Dev/projects/jwt-auth-server/server/node_modules/async/lib/async.js:166:37
    at /Users/vladvavilikhin/Dev/projects/jwt-auth-server/server/node_modules/async/lib/async.js:706:43
    at /Users/vladvavilikhin/Dev/projects/jwt-auth-server/server/node_modules/async/lib/async.js:167:37
    at Immediate.<anonymous> (/Users/vladvavilikhin/Dev/projects/jwt-auth-server/server/node_modules/async/lib/async.js:1206:34)
    at processImmediate (internal/timers.js:461:21)
[Sat Nov 14 2020 15:06:29 GMT+0300 (Moscow Standard Time)] - UnauthorizedError: jwt expired :: UnauthorizedError: jwt expired
    at /Users/vladvavilikhin/Dev/projects/jwt-auth-server/server/node_modules/express-jwt/lib/index.js:105:22
    at /Users/vladvavilikhin/Dev/projects/jwt-auth-server/server/node_modules/jsonwebtoken/verify.js:152:16
    at getSecret (/Users/vladvavilikhin/Dev/projects/jwt-auth-server/server/node_modules/jsonwebtoken/verify.js:90:14)
    at Object.module.exports [as verify] (/Users/vladvavilikhin/Dev/projects/jwt-auth-server/server/node_modules/jsonwebtoken/verify.js:94:10)
    at verifyToken (/Users/vladvavilikhin/Dev/projects/jwt-auth-server/server/node_modules/express-jwt/lib/index.js:103:13)
    at fn (/Users/vladvavilikhin/Dev/projects/jwt-auth-server/server/node_modules/async/lib/async.js:746:34)
    at /Users/vladvavilikhin/Dev/projects/jwt-auth-server/server/node_modules/async/lib/async.js:1213:16
    at /Users/vladvavilikhin/Dev/projects/jwt-auth-server/server/node_modules/async/lib/async.js:166:37
    at /Users/vladvavilikhin/Dev/projects/jwt-auth-server/server/node_modules/async/lib/async.js:706:43
    at /Users/vladvavilikhin/Dev/projects/jwt-auth-server/server/node_modules/async/lib/async.js:167:37
    at Immediate.<anonymous> (/Users/vladvavilikhin/Dev/projects/jwt-auth-server/server/node_modules/async/lib/async.js:1206:34)
    at processImmediate (internal/timers.js:461:21)
[Sat Nov 14 2020 15:06:29 GMT+0300 (Moscow Standard Time)] - NoEnt:  :: NoEnt
    at findUser (/Users/vladvavilikhin/Dev/projects/jwt-auth-server/server/source/controllers/users.js:14:26)
    at processTicksAndRejections (internal/process/task_queues.js:93:5)
    at runNextTicks (internal/process/task_queues.js:62:3)
    at processImmediate (internal/timers.js:434:9)